Starting NER on Company Names
[NbConvertApp] Converting notebook ToS_Mixedbread_Embedding_Creation.ipynb to notebook
0.04s - Debugger warning: It seems that frozen modules are being used, which may
0.00s - make the debugger miss breakpoints. Please pass -Xfrozen_modules=off
0.00s - to python to disable frozen modules.
0.00s - Note: Debugging will proceed. Set PYDEVD_DISABLE_FILE_VALIDATION=1 to disable this validation.
Traceback (most recent call last):
  File "/scratch/users/ijyliu/conda/envs/scf_general/bin/jupyter-nbconvert", line 10, in <module>
    sys.exit(main())
             ^^^^^^
  File "/scratch/users/ijyliu/conda/envs/scf_general/lib/python3.11/site-packages/jupyter_core/application.py", line 283, in launch_instance
    super().launch_instance(argv=argv, **kwargs)
  File "/scratch/users/ijyliu/conda/envs/scf_general/lib/python3.11/site-packages/traitlets/config/application.py", line 1075, in launch_instance
    app.start()
  File "/scratch/users/ijyliu/conda/envs/scf_general/lib/python3.11/site-packages/nbconvert/nbconvertapp.py", line 420, in start
    self.convert_notebooks()
  File "/scratch/users/ijyliu/conda/envs/scf_general/lib/python3.11/site-packages/nbconvert/nbconvertapp.py", line 597, in convert_notebooks
    self.convert_single_notebook(notebook_filename)
  File "/scratch/users/ijyliu/conda/envs/scf_general/lib/python3.11/site-packages/nbconvert/nbconvertapp.py", line 563, in convert_single_notebook
    output, resources = self.export_single_notebook(
                        ^^^^^^^^^^^^^^^^^^^^^^^^^^^^
  File "/scratch/users/ijyliu/conda/envs/scf_general/lib/python3.11/site-packages/nbconvert/nbconvertapp.py", line 487, in export_single_notebook
    output, resources = self.exporter.from_filename(
                        ^^^^^^^^^^^^^^^^^^^^^^^^^^^^
  File "/scratch/users/ijyliu/conda/envs/scf_general/lib/python3.11/site-packages/nbconvert/exporters/exporter.py", line 201, in from_filename
    return self.from_file(f, resources=resources, **kw)
           ^^^^^^^^^^^^^^^^^^^^^^^^^^^^^^^^^^^^^^^^^^^^
  File "/scratch/users/ijyliu/conda/envs/scf_general/lib/python3.11/site-packages/nbconvert/exporters/exporter.py", line 220, in from_file
    return self.from_notebook_node(
           ^^^^^^^^^^^^^^^^^^^^^^^^
  File "/scratch/users/ijyliu/conda/envs/scf_general/lib/python3.11/site-packages/nbconvert/exporters/notebook.py", line 36, in from_notebook_node
    nb_copy, resources = super().from_notebook_node(nb, resources, **kw)
                         ^^^^^^^^^^^^^^^^^^^^^^^^^^^^^^^^^^^^^^^^^^^^^^^
  File "/scratch/users/ijyliu/conda/envs/scf_general/lib/python3.11/site-packages/nbconvert/exporters/exporter.py", line 154, in from_notebook_node
    nb_copy, resources = self._preprocess(nb_copy, resources)
                         ^^^^^^^^^^^^^^^^^^^^^^^^^^^^^^^^^^^^
  File "/scratch/users/ijyliu/conda/envs/scf_general/lib/python3.11/site-packages/nbconvert/exporters/exporter.py", line 353, in _preprocess
    nbc, resc = preprocessor(nbc, resc)
                ^^^^^^^^^^^^^^^^^^^^^^^
  File "/scratch/users/ijyliu/conda/envs/scf_general/lib/python3.11/site-packages/nbconvert/preprocessors/base.py", line 48, in __call__
    return self.preprocess(nb, resources)
           ^^^^^^^^^^^^^^^^^^^^^^^^^^^^^^
  File "/scratch/users/ijyliu/conda/envs/scf_general/lib/python3.11/site-packages/nbconvert/preprocessors/execute.py", line 102, in preprocess
    self.preprocess_cell(cell, resources, index)
  File "/scratch/users/ijyliu/conda/envs/scf_general/lib/python3.11/site-packages/nbconvert/preprocessors/execute.py", line 123, in preprocess_cell
    cell = self.execute_cell(cell, index, store_history=True)
           ^^^^^^^^^^^^^^^^^^^^^^^^^^^^^^^^^^^^^^^^^^^^^^^^^^
  File "/scratch/users/ijyliu/conda/envs/scf_general/lib/python3.11/site-packages/jupyter_core/utils/__init__.py", line 165, in wrapped
    return loop.run_until_complete(inner)
           ^^^^^^^^^^^^^^^^^^^^^^^^^^^^^^
  File "/scratch/users/ijyliu/conda/envs/scf_general/lib/python3.11/asyncio/base_events.py", line 654, in run_until_complete
    return future.result()
           ^^^^^^^^^^^^^^^
  File "/scratch/users/ijyliu/conda/envs/scf_general/lib/python3.11/site-packages/nbclient/client.py", line 1062, in async_execute_cell
    await self._check_raise_for_error(cell, cell_index, exec_reply)
  File "/scratch/users/ijyliu/conda/envs/scf_general/lib/python3.11/site-packages/nbclient/client.py", line 918, in _check_raise_for_error
    raise CellExecutionError.from_cell_and_msg(cell, exec_reply_content)
nbclient.exceptions.CellExecutionError: An error occurred while executing the following cell:
------------------
# Load Honeywell file to check
test_df = pd.read_parquet('../Text Data Embeddings/Honeywell_CookieNotice.parquet')
test_df.head()
------------------


[0;31m---------------------------------------------------------------------------[0m
[0;31mFileNotFoundError[0m                         Traceback (most recent call last)
Cell [0;32mIn[10], line 2[0m
[1;32m      1[0m [38;5;66;03m# Load Honeywell file to check[39;00m
[0;32m----> 2[0m test_df [38;5;241m=[39m [43mpd[49m[38;5;241;43m.[39;49m[43mread_parquet[49m[43m([49m[38;5;124;43m'[39;49m[38;5;124;43m../Text Data Embeddings/Honeywell_CookieNotice.parquet[39;49m[38;5;124;43m'[39;49m[43m)[49m
[1;32m      3[0m test_df[38;5;241m.[39mhead()

File [0;32m/scratch/users/ijyliu/conda/envs/scf_general/lib/python3.11/site-packages/pandas/io/parquet.py:667[0m, in [0;36mread_parquet[0;34m(path, engine, columns, storage_options, use_nullable_dtypes, dtype_backend, filesystem, filters, **kwargs)[0m
[1;32m    664[0m     use_nullable_dtypes [38;5;241m=[39m [38;5;28;01mFalse[39;00m
[1;32m    665[0m check_dtype_backend(dtype_backend)
[0;32m--> 667[0m [38;5;28;01mreturn[39;00m [43mimpl[49m[38;5;241;43m.[39;49m[43mread[49m[43m([49m
[1;32m    668[0m [43m    [49m[43mpath[49m[43m,[49m
[1;32m    669[0m [43m    [49m[43mcolumns[49m[38;5;241;43m=[39;49m[43mcolumns[49m[43m,[49m
[1;32m    670[0m [43m    [49m[43mfilters[49m[38;5;241;43m=[39;49m[43mfilters[49m[43m,[49m
[1;32m    671[0m [43m    [49m[43mstorage_options[49m[38;5;241;43m=[39;49m[43mstorage_options[49m[43m,[49m
[1;32m    672[0m [43m    [49m[43muse_nullable_dtypes[49m[38;5;241;43m=[39;49m[43muse_nullable_dtypes[49m[43m,[49m
[1;32m    673[0m [43m    [49m[43mdtype_backend[49m[38;5;241;43m=[39;49m[43mdtype_backend[49m[43m,[49m
[1;32m    674[0m [43m    [49m[43mfilesystem[49m[38;5;241;43m=[39;49m[43mfilesystem[49m[43m,[49m
[1;32m    675[0m [43m    [49m[38;5;241;43m*[39;49m[38;5;241;43m*[39;49m[43mkwargs[49m[43m,[49m
[1;32m    676[0m [43m[49m[43m)[49m

File [0;32m/scratch/users/ijyliu/conda/envs/scf_general/lib/python3.11/site-packages/pandas/io/parquet.py:267[0m, in [0;36mPyArrowImpl.read[0;34m(self, path, columns, filters, use_nullable_dtypes, dtype_backend, storage_options, filesystem, **kwargs)[0m
[1;32m    264[0m [38;5;28;01mif[39;00m manager [38;5;241m==[39m [38;5;124m"[39m[38;5;124marray[39m[38;5;124m"[39m:
[1;32m    265[0m     to_pandas_kwargs[[38;5;124m"[39m[38;5;124msplit_blocks[39m[38;5;124m"[39m] [38;5;241m=[39m [38;5;28;01mTrue[39;00m  [38;5;66;03m# type: ignore[assignment][39;00m
[0;32m--> 267[0m path_or_handle, handles, filesystem [38;5;241m=[39m [43m_get_path_or_handle[49m[43m([49m
[1;32m    268[0m [43m    [49m[43mpath[49m[43m,[49m
[1;32m    269[0m [43m    [49m[43mfilesystem[49m[43m,[49m
[1;32m    270[0m [43m    [49m[43mstorage_options[49m[38;5;241;43m=[39;49m[43mstorage_options[49m[43m,[49m
[1;32m    271[0m [43m    [49m[43mmode[49m[38;5;241;43m=[39;49m[38;5;124;43m"[39;49m[38;5;124;43mrb[39;49m[38;5;124;43m"[39;49m[43m,[49m
[1;32m    272[0m [43m[49m[43m)[49m
[1;32m    273[0m [38;5;28;01mtry[39;00m:
[1;32m    274[0m     pa_table [38;5;241m=[39m [38;5;28mself[39m[38;5;241m.[39mapi[38;5;241m.[39mparquet[38;5;241m.[39mread_table(
[1;32m    275[0m         path_or_handle,
[1;32m    276[0m         columns[38;5;241m=[39mcolumns,
[0;32m   (...)[0m
[1;32m    279[0m         [38;5;241m*[39m[38;5;241m*[39mkwargs,
[1;32m    280[0m     )

File [0;32m/scratch/users/ijyliu/conda/envs/scf_general/lib/python3.11/site-packages/pandas/io/parquet.py:140[0m, in [0;36m_get_path_or_handle[0;34m(path, fs, storage_options, mode, is_dir)[0m
[1;32m    130[0m handles [38;5;241m=[39m [38;5;28;01mNone[39;00m
[1;32m    131[0m [38;5;28;01mif[39;00m (
[1;32m    132[0m     [38;5;129;01mnot[39;00m fs
[1;32m    133[0m     [38;5;129;01mand[39;00m [38;5;129;01mnot[39;00m is_dir
[0;32m   (...)[0m
[1;32m    138[0m     [38;5;66;03m# fsspec resources can also point to directories[39;00m
[1;32m    139[0m     [38;5;66;03m# this branch is used for example when reading from non-fsspec URLs[39;00m
[0;32m--> 140[0m     handles [38;5;241m=[39m [43mget_handle[49m[43m([49m
[1;32m    141[0m [43m        [49m[43mpath_or_handle[49m[43m,[49m[43m [49m[43mmode[49m[43m,[49m[43m [49m[43mis_text[49m[38;5;241;43m=[39;49m[38;5;28;43;01mFalse[39;49;00m[43m,[49m[43m [49m[43mstorage_options[49m[38;5;241;43m=[39;49m[43mstorage_options[49m
[1;32m    142[0m [43m    [49m[43m)[49m
[1;32m    143[0m     fs [38;5;241m=[39m [38;5;28;01mNone[39;00m
[1;32m    144[0m     path_or_handle [38;5;241m=[39m handles[38;5;241m.[39mhandle

File [0;32m/scratch/users/ijyliu/conda/envs/scf_general/lib/python3.11/site-packages/pandas/io/common.py:882[0m, in [0;36mget_handle[0;34m(path_or_buf, mode, encoding, compression, memory_map, is_text, errors, storage_options)[0m
[1;32m    873[0m         handle [38;5;241m=[39m [38;5;28mopen[39m(
[1;32m    874[0m             handle,
[1;32m    875[0m             ioargs[38;5;241m.[39mmode,
[0;32m   (...)[0m
[1;32m    878[0m             newline[38;5;241m=[39m[38;5;124m"[39m[38;5;124m"[39m,
[1;32m    879[0m         )
[1;32m    880[0m     [38;5;28;01melse[39;00m:
[1;32m    881[0m         [38;5;66;03m# Binary mode[39;00m
[0;32m--> 882[0m         handle [38;5;241m=[39m [38;5;28;43mopen[39;49m[43m([49m[43mhandle[49m[43m,[49m[43m [49m[43mioargs[49m[38;5;241;43m.[39;49m[43mmode[49m[43m)[49m
[1;32m    883[0m     handles[38;5;241m.[39mappend(handle)
[1;32m    885[0m [38;5;66;03m# Convert BytesIO or file objects passed with an encoding[39;00m

[0;31mFileNotFoundError[0m: [Errno 2] No such file or directory: '../Text Data Embeddings/Honeywell_CookieNotice.parquet'

Completed NER
